<?xml version="1.0" encoding="UTF-8"?>
<testng-results ignored="0" total="3" passed="3" failed="0" skipped="0">
  <reporter-output>
  </reporter-output>
  <suite started-at="2024-09-26T12:30:15 IST" name="Default suite" finished-at="2024-09-26T12:30:17 IST" duration-ms="1399">
    <groups>
      <group name="cucumber">
        <method signature="AbstractTestNGCucumberTests.runScenario(io.cucumber.testng.PickleWrapper,io.cucumber.testng.FeatureWrapper)[pri:0, instance:bddcucumberframework.CucumberTagsTestRunner@510f3d34]" name="runScenario" class="io.cucumber.testng.AbstractTestNGCucumberTests"/>
      </group> <!-- cucumber -->
    </groups>
    <test started-at="2024-09-26T12:30:15 IST" name="Default test" finished-at="2024-09-26T12:30:17 IST" duration-ms="1399">
      <class name="bddcucumberframework.CucumberTagsTestRunner">
        <test-method is-config="true" signature="setUpClass(org.testng.ITestContext)[pri:0, instance:bddcucumberframework.CucumberTagsTestRunner@510f3d34]" started-at="2024-09-26T12:30:15 IST" name="setUpClass" finished-at="2024-09-26T12:30:16 IST" duration-ms="1065" status="PASS">
          <params>
            <param index="0">
              <value>
                <![CDATA[org.testng.TestRunner@46ab18da]]>
              </value>
            </param>
          </params>
          <reporter-output>
          </reporter-output>
        </test-method> <!-- setUpClass -->
        <test-method signature="runScenario(io.cucumber.testng.PickleWrapper,io.cucumber.testng.FeatureWrapper)[pri:0, instance:bddcucumberframework.CucumberTagsTestRunner@510f3d34]" started-at="2024-09-26T12:30:16 IST" name="runScenario" description="Runs Cucumber Scenarios" data-provider="scenarios" finished-at="2024-09-26T12:30:17 IST" duration-ms="114" status="PASS">
          <params>
            <param index="0">
              <value>
                <![CDATA["scenario1 from test1 feature"]]>
              </value>
            </param>
            <param index="1">
              <value>
                <![CDATA["This is test1 feature"]]>
              </value>
            </param>
          </params>
          <reporter-output>
          </reporter-output>
        </test-method> <!-- runScenario -->
        <test-method signature="runScenario(io.cucumber.testng.PickleWrapper,io.cucumber.testng.FeatureWrapper)[pri:0, instance:bddcucumberframework.CucumberTagsTestRunner@510f3d34]" started-at="2024-09-26T12:30:17 IST" name="runScenario" description="Runs Cucumber Scenarios" data-provider="scenarios" finished-at="2024-09-26T12:30:17 IST" duration-ms="15" status="PASS">
          <params>
            <param index="0">
              <value>
                <![CDATA["scenario2 from test2 feature"]]>
              </value>
            </param>
            <param index="1">
              <value>
                <![CDATA["This is test2 feature"]]>
              </value>
            </param>
          </params>
          <reporter-output>
          </reporter-output>
        </test-method> <!-- runScenario -->
        <test-method signature="runScenario(io.cucumber.testng.PickleWrapper,io.cucumber.testng.FeatureWrapper)[pri:0, instance:bddcucumberframework.CucumberTagsTestRunner@510f3d34]" started-at="2024-09-26T12:30:17 IST" name="runScenario" description="Runs Cucumber Scenarios" data-provider="scenarios" finished-at="2024-09-26T12:30:17 IST" duration-ms="11" status="PASS">
          <params>
            <param index="0">
              <value>
                <![CDATA["scenario3 from test3 feature"]]>
              </value>
            </param>
            <param index="1">
              <value>
                <![CDATA["This is test3 feature"]]>
              </value>
            </param>
          </params>
          <reporter-output>
          </reporter-output>
        </test-method> <!-- runScenario -->
        <test-method is-config="true" signature="tearDownClass()[pri:0, instance:bddcucumberframework.CucumberTagsTestRunner@510f3d34]" started-at="2024-09-26T12:30:17 IST" name="tearDownClass" finished-at="2024-09-26T12:30:17 IST" duration-ms="87" status="PASS">
          <reporter-output>
          </reporter-output>
        </test-method> <!-- tearDownClass -->
      </class> <!-- bddcucumberframework.CucumberTagsTestRunner -->
    </test> <!-- Default test -->
  </suite> <!-- Default suite -->
</testng-results>
